<?xml version="1.0" encoding="UTF-8"?>
<testng-results skipped="0" failed="0" ignored="0" total="2" passed="2">
  <reporter-output>
  </reporter-output>
  <suite name="Default suite" duration-ms="28393" started-at="2022-12-07T16:49:44 IST" finished-at="2022-12-07T16:50:13 IST">
    <groups>
    </groups>
    <test name="Default test" duration-ms="28393" started-at="2022-12-07T16:49:44 IST" finished-at="2022-12-07T16:50:13 IST">
      <class name="frame.Frame1">
        <test-method status="PASS" signature="beforeTest()[pri:0, instance:frame.Frame1@33cc44]" name="beforeTest" is-config="true" duration-ms="8634" started-at="2022-12-07T16:49:44 IST" finished-at="2022-12-07T16:49:53 IST">
          <reporter-output>
          </reporter-output>
        </test-method> <!-- beforeTest -->
        <test-method status="PASS" signature="Login()[pri:0, instance:frame.Frame1@33cc44]" name="Login" duration-ms="3412" started-at="2022-12-07T16:49:53 IST" finished-at="2022-12-07T16:49:56 IST">
          <reporter-output>
          </reporter-output>
        </test-method> <!-- Login -->
        <test-method status="PASS" signature="Pim()[pri:1, instance:frame.Frame1@33cc44]" name="Pim" duration-ms="16020" started-at="2022-12-07T16:49:56 IST" finished-at="2022-12-07T16:50:12 IST">
          <reporter-output>
          </reporter-output>
        </test-method> <!-- Pim -->
        <test-method status="PASS" signature="afterTest()[pri:0, instance:frame.Frame1@33cc44]" name="afterTest" is-config="true" duration-ms="262" started-at="2022-12-07T16:50:12 IST" finished-at="2022-12-07T16:50:13 IST">
          <reporter-output>
          </reporter-output>
        </test-method> <!-- afterTest -->
      </class> <!-- frame.Frame1 -->
    </test> <!-- Default test -->
  </suite> <!-- Default suite -->
</testng-results>
