<?xml version="1.0" encoding="UTF-8"?>
<!-- Generated by org.testng.reporters.JUnitXMLReporter -->
<testsuite hostname="DESKTOP-I7KL6VP" ignored="2" name="Test" tests="2" failures="0" timestamp="2022-12-14T12:57:55 IST" time="0.108" errors="0">
  <testcase name="Test_2" time="0.014" classname="mav.Grp"/>
  <testcase name="Test_4" time="0.005" classname="mav.Grp"/>
  <testcase name="Test_1" time="0.0" classname="mav.Grp">
    <ignored/>
  </testcase> <!-- Test_1 -->
  <testcase name="Test_3" time="0.0" classname="mav.Grp">
    <ignored/>
  </testcase> <!-- Test_3 -->
</testsuite> <!-- Test -->
